<?xml version="1.0" encoding="UTF-8"?>
<testsuite xmlns:xsi="http://www.w3.org/2001/XMLSchema-instance" xsi:noNamespaceSchemaLocation="https://maven.apache.org/surefire/maven-surefire-plugin/xsd/surefire-test-report.xsd" name="cucumber.Options.TestRunner" time="6.037" tests="0" errors="0" skipped="0" failures="0">
  <properties>
    <property name="sun.desktop" value="windows"/>
    <property name="awt.toolkit" value="sun.awt.windows.WToolkit"/>
    <property name="java.specification.version" value="12"/>
    <property name="sun.cpu.isalist" value="amd64"/>
    <property name="sun.jnu.encoding" value="Cp1252"/>
    <property name="java.class.path" value="C:\Users\sdeep\eclipse-workspace\RestAutomation\target\test-classes;C:\Users\sdeep\eclipse-workspace\RestAutomation\target\classes;C:\Users\sdeep\.m2\repository\io\cucumber\cucumber-java\6.6.1\cucumber-java-6.6.1.jar;C:\Users\sdeep\.m2\repository\org\apiguardian\apiguardian-api\1.1.0\apiguardian-api-1.1.0.jar;C:\Users\sdeep\.m2\repository\io\cucumber\cucumber-junit\6.6.1\cucumber-junit-6.6.1.jar;C:\Users\sdeep\.m2\repository\junit\junit\4.13\junit-4.13.jar;C:\Users\sdeep\.m2\repository\org\hamcrest\hamcrest-core\1.3\hamcrest-core-1.3.jar;C:\Users\sdeep\.m2\repository\io\cucumber\cucumber-core\6.6.1\cucumber-core-6.6.1.jar;C:\Users\sdeep\.m2\repository\io\cucumber\cucumber-gherkin\6.6.1\cucumber-gherkin-6.6.1.jar;C:\Users\sdeep\.m2\repository\io\cucumber\cucumber-gherkin-messages\6.6.1\cucumber-gherkin-messages-6.6.1.jar;C:\Users\sdeep\.m2\repository\io\cucumber\messages\13.0.1\messages-13.0.1.jar;C:\Users\sdeep\.m2\repository\io\cucumber\tag-expressions\3.0.0\tag-expressions-3.0.0.jar;C:\Users\sdeep\.m2\repository\io\cucumber\cucumber-expressions\10.3.0\cucumber-expressions-10.3.0.jar;C:\Users\sdeep\.m2\repository\io\cucumber\datatable\3.4.0\datatable-3.4.0.jar;C:\Users\sdeep\.m2\repository\io\cucumber\cucumber-plugin\6.6.1\cucumber-plugin-6.6.1.jar;C:\Users\sdeep\.m2\repository\io\cucumber\docstring\6.6.1\docstring-6.6.1.jar;C:\Users\sdeep\.m2\repository\io\cucumber\html-formatter\9.0.0\html-formatter-9.0.0.jar;C:\Users\sdeep\.m2\repository\io\cucumber\create-meta\2.0.2\create-meta-2.0.2.jar;C:\Users\sdeep\.m2\repository\io\cucumber\gherkin\15.0.2\gherkin-15.0.2.jar;C:\Users\sdeep\.m2\repository\io\cucumber\cucumber-testng\6.6.1\cucumber-testng-6.6.1.jar;C:\Users\sdeep\.m2\repository\org\seleniumhq\selenium\selenium-api\3.141.5\selenium-api-3.141.5.jar;C:\Users\sdeep\.m2\repository\org\seleniumhq\selenium\selenium-chrome-driver\3.141.5\selenium-chrome-driver-3.141.5.jar;C:\Users\sdeep\.m2\repository\org\seleniumhq\selenium\selenium-remote-driver\3.141.5\selenium-remote-driver-3.141.5.jar;C:\Users\sdeep\.m2\repository\net\bytebuddy\byte-buddy\1.8.15\byte-buddy-1.8.15.jar;C:\Users\sdeep\.m2\repository\org\apache\commons\commons-exec\1.3\commons-exec-1.3.jar;C:\Users\sdeep\.m2\repository\com\google\guava\guava\25.0-jre\guava-25.0-jre.jar;C:\Users\sdeep\.m2\repository\com\google\code\findbugs\jsr305\1.3.9\jsr305-1.3.9.jar;C:\Users\sdeep\.m2\repository\org\checkerframework\checker-compat-qual\2.0.0\checker-compat-qual-2.0.0.jar;C:\Users\sdeep\.m2\repository\com\google\errorprone\error_prone_annotations\2.1.3\error_prone_annotations-2.1.3.jar;C:\Users\sdeep\.m2\repository\com\google\j2objc\j2objc-annotations\1.1\j2objc-annotations-1.1.jar;C:\Users\sdeep\.m2\repository\org\codehaus\mojo\animal-sniffer-annotations\1.14\animal-sniffer-annotations-1.14.jar;C:\Users\sdeep\.m2\repository\com\squareup\okhttp3\okhttp\3.11.0\okhttp-3.11.0.jar;C:\Users\sdeep\.m2\repository\com\squareup\okio\okio\1.14.0\okio-1.14.0.jar;C:\Users\sdeep\.m2\repository\com\fasterxml\jackson\core\jackson-databind\2.11.0\jackson-databind-2.11.0.jar;C:\Users\sdeep\.m2\repository\com\fasterxml\jackson\core\jackson-core\2.11.0\jackson-core-2.11.0.jar;C:\Users\sdeep\.m2\repository\com\fasterxml\jackson\core\jackson-annotations\2.11.0\jackson-annotations-2.11.0.jar;C:\Users\sdeep\.m2\repository\com\google\code\gson\gson\2.8.6\gson-2.8.6.jar;C:\Users\sdeep\.m2\repository\org\testng\testng\7.1.0\testng-7.1.0.jar;C:\Users\sdeep\.m2\repository\com\beust\jcommander\1.72\jcommander-1.72.jar;C:\Users\sdeep\.m2\repository\com\google\inject\guice\4.1.0\guice-4.1.0-no_aop.jar;C:\Users\sdeep\.m2\repository\javax\inject\javax.inject\1\javax.inject-1.jar;C:\Users\sdeep\.m2\repository\aopalliance\aopalliance\1.0\aopalliance-1.0.jar;C:\Users\sdeep\.m2\repository\org\yaml\snakeyaml\1.21\snakeyaml-1.21.jar;C:\Users\sdeep\.m2\repository\org\apache\maven\plugins\maven-war-plugin\3.3.1\maven-war-plugin-3.3.1.jar;C:\Users\sdeep\.m2\repository\org\apache\maven\maven-plugin-api\3.0\maven-plugin-api-3.0.jar;C:\Users\sdeep\.m2\repository\org\apache\maven\maven-model\3.0\maven-model-3.0.jar;C:\Users\sdeep\.m2\repository\org\apache\maven\maven-artifact\3.0\maven-artifact-3.0.jar;C:\Users\sdeep\.m2\repository\org\sonatype\sisu\sisu-inject-plexus\1.4.2\sisu-inject-plexus-1.4.2.jar;C:\Users\sdeep\.m2\repository\org\sonatype\sisu\sisu-inject-bean\1.4.2\sisu-inject-bean-1.4.2.jar;C:\Users\sdeep\.m2\repository\org\sonatype\sisu\sisu-guice\2.1.7\sisu-guice-2.1.7-noaop.jar;C:\Users\sdeep\.m2\repository\org\apache\maven\maven-core\3.0\maven-core-3.0.jar;C:\Users\sdeep\.m2\repository\org\apache\maven\maven-settings\3.0\maven-settings-3.0.jar;C:\Users\sdeep\.m2\repository\org\apache\maven\maven-settings-builder\3.0\maven-settings-builder-3.0.jar;C:\Users\sdeep\.m2\repository\org\apache\maven\maven-repository-metadata\3.0\maven-repository-metadata-3.0.jar;C:\Users\sdeep\.m2\repository\org\apache\maven\maven-model-builder\3.0\maven-model-builder-3.0.jar;C:\Users\sdeep\.m2\repository\org\apache\maven\maven-aether-provider\3.0\maven-aether-provider-3.0.jar;C:\Users\sdeep\.m2\repository\org\sonatype\aether\aether-impl\1.7\aether-impl-1.7.jar;C:\Users\sdeep\.m2\repository\org\sonatype\aether\aether-spi\1.7\aether-spi-1.7.jar;C:\Users\sdeep\.m2\repository\org\sonatype\aether\aether-api\1.7\aether-api-1.7.jar;C:\Users\sdeep\.m2\repository\org\sonatype\aether\aether-util\1.7\aether-util-1.7.jar;C:\Users\sdeep\.m2\repository\org\codehaus\plexus\plexus-classworlds\2.2.3\plexus-classworlds-2.2.3.jar;C:\Users\sdeep\.m2\repository\org\codehaus\plexus\plexus-component-annotations\1.5.5\plexus-component-annotations-1.5.5.jar;C:\Users\sdeep\.m2\repository\org\sonatype\plexus\plexus-sec-dispatcher\1.3\plexus-sec-dispatcher-1.3.jar;C:\Users\sdeep\.m2\repository\org\sonatype\plexus\plexus-cipher\1.4\plexus-cipher-1.4.jar;C:\Users\sdeep\.m2\repository\org\apache\maven\maven-archiver\3.5.0\maven-archiver-3.5.0.jar;C:\Users\sdeep\.m2\repository\org\apache\maven\shared\maven-shared-utils\3.2.1\maven-shared-utils-3.2.1.jar;C:\Users\sdeep\.m2\repository\commons-io\commons-io\2.6\commons-io-2.6.jar;C:\Users\sdeep\.m2\repository\org\codehaus\plexus\plexus-archiver\4.2.2\plexus-archiver-4.2.2.jar;C:\Users\sdeep\.m2\repository\org\codehaus\plexus\plexus-io\3.2.0\plexus-io-3.2.0.jar;C:\Users\sdeep\.m2\repository\org\apache\commons\commons-compress\1.20\commons-compress-1.20.jar;C:\Users\sdeep\.m2\repository\org\iq80\snappy\snappy\0.4\snappy-0.4.jar;C:\Users\sdeep\.m2\repository\org\tukaani\xz\1.8\xz-1.8.jar;C:\Users\sdeep\.m2\repository\org\codehaus\plexus\plexus-interpolation\1.26\plexus-interpolation-1.26.jar;C:\Users\sdeep\.m2\repository\org\codehaus\plexus\plexus-utils\3.3.0\plexus-utils-3.3.0.jar;C:\Users\sdeep\.m2\repository\org\apache\maven\shared\maven-filtering\3.1.1\maven-filtering-3.1.1.jar;C:\Users\sdeep\.m2\repository\org\sonatype\plexus\plexus-build-api\0.0.7\plexus-build-api-0.0.7.jar;C:\Users\sdeep\.m2\repository\org\apache\maven\shared\maven-mapping\3.0.0\maven-mapping-3.0.0.jar;C:\Users\sdeep\.m2\repository\io\rest-assured\rest-assured\4.3.1\rest-assured-4.3.1.jar;C:\Users\sdeep\.m2\repository\org\codehaus\groovy\groovy\3.0.3\groovy-3.0.3.jar;C:\Users\sdeep\.m2\repository\org\codehaus\groovy\groovy-xml\3.0.3\groovy-xml-3.0.3.jar;C:\Users\sdeep\.m2\repository\org\apache\httpcomponents\httpclient\4.5.3\httpclient-4.5.3.jar;C:\Users\sdeep\.m2\repository\org\apache\httpcomponents\httpcore\4.4.6\httpcore-4.4.6.jar;C:\Users\sdeep\.m2\repository\commons-logging\commons-logging\1.2\commons-logging-1.2.jar;C:\Users\sdeep\.m2\repository\commons-codec\commons-codec\1.9\commons-codec-1.9.jar;C:\Users\sdeep\.m2\repository\org\apache\httpcomponents\httpmime\4.5.3\httpmime-4.5.3.jar;C:\Users\sdeep\.m2\repository\org\hamcrest\hamcrest\2.1\hamcrest-2.1.jar;C:\Users\sdeep\.m2\repository\org\ccil\cowan\tagsoup\tagsoup\1.2.1\tagsoup-1.2.1.jar;C:\Users\sdeep\.m2\repository\io\rest-assured\xml-path\4.3.1\xml-path-4.3.1.jar;C:\Users\sdeep\.m2\repository\io\rest-assured\json-path\4.3.1\json-path-4.3.1.jar;C:\Users\sdeep\.m2\repository\org\codehaus\groovy\groovy-json\3.0.3\groovy-json-3.0.3.jar;C:\Users\sdeep\.m2\repository\io\rest-assured\json-schema-validator\4.3.1\json-schema-validator-4.3.1.jar;C:\Users\sdeep\.m2\repository\com\github\java-json-tools\json-schema-validator\2.2.10\json-schema-validator-2.2.10.jar;C:\Users\sdeep\.m2\repository\com\github\java-json-tools\json-schema-core\1.2.10\json-schema-core-1.2.10.jar;C:\Users\sdeep\.m2\repository\com\github\java-json-tools\jackson-coreutils\1.9\jackson-coreutils-1.9.jar;C:\Users\sdeep\.m2\repository\com\github\fge\msg-simple\1.1\msg-simple-1.1.jar;C:\Users\sdeep\.m2\repository\com\github\fge\btf\1.2\btf-1.2.jar;C:\Users\sdeep\.m2\repository\com\github\fge\uri-template\0.9\uri-template-0.9.jar;C:\Users\sdeep\.m2\repository\org\mozilla\rhino\1.7.7.1\rhino-1.7.7.1.jar;C:\Users\sdeep\.m2\repository\javax\mail\mailapi\1.4.3\mailapi-1.4.3.jar;C:\Users\sdeep\.m2\repository\javax\activation\activation\1.1\activation-1.1.jar;C:\Users\sdeep\.m2\repository\joda-time\joda-time\2.9.7\joda-time-2.9.7.jar;C:\Users\sdeep\.m2\repository\com\googlecode\libphonenumber\libphonenumber\8.0.0\libphonenumber-8.0.0.jar;C:\Users\sdeep\.m2\repository\net\sf\jopt-simple\jopt-simple\5.0.3\jopt-simple-5.0.3.jar;C:\Users\sdeep\.m2\repository\io\rest-assured\rest-assured-common\4.3.1\rest-assured-common-4.3.1.jar;C:\Users\sdeep\.m2\repository\org\apache\commons\commons-lang3\3.4\commons-lang3-3.4.jar;C:\Users\sdeep\.m2\repository\io\rest-assured\rest-assured-all\4.3.1\rest-assured-all-4.3.1.jar;C:\Users\sdeep\.m2\repository\jakarta\xml\bind\jakarta.xml.bind-api\2.3.3\jakarta.xml.bind-api-2.3.3.jar;C:\Users\sdeep\.m2\repository\jakarta\activation\jakarta.activation-api\1.2.2\jakarta.activation-api-1.2.2.jar;C:\Users\sdeep\.m2\repository\com\sun\xml\bind\jaxb-impl\2.3.3\jaxb-impl-2.3.3.jar;C:\Users\sdeep\.m2\repository\org\codehaus\groovy\groovy-ant\3.0.5\groovy-ant-3.0.5.jar;C:\Users\sdeep\.m2\repository\org\apache\ant\ant\1.10.8\ant-1.10.8.jar;C:\Users\sdeep\.m2\repository\org\apache\ant\ant-junit\1.10.8\ant-junit-1.10.8.jar;C:\Users\sdeep\.m2\repository\org\apache\ant\ant-launcher\1.10.8\ant-launcher-1.10.8.jar;C:\Users\sdeep\.m2\repository\org\apache\ant\ant-antlr\1.10.8\ant-antlr-1.10.8.jar;C:\Users\sdeep\.m2\repository\org\codehaus\groovy\groovy-astbuilder\3.0.5\groovy-astbuilder-3.0.5.jar;C:\Users\sdeep\.m2\repository\org\codehaus\groovy\groovy-cli-picocli\3.0.5\groovy-cli-picocli-3.0.5.jar;C:\Users\sdeep\.m2\repository\info\picocli\picocli\4.4.0\picocli-4.4.0.jar;C:\Users\sdeep\.m2\repository\org\codehaus\groovy\groovy-console\3.0.5\groovy-console-3.0.5.jar;C:\Users\sdeep\.m2\repository\org\codehaus\groovy\groovy-datetime\3.0.5\groovy-datetime-3.0.5.jar;C:\Users\sdeep\.m2\repository\org\codehaus\groovy\groovy-docgenerator\3.0.5\groovy-docgenerator-3.0.5.jar;C:\Users\sdeep\.m2\repository\com\thoughtworks\qdox\qdox\1.12.1\qdox-1.12.1.jar;C:\Users\sdeep\.m2\repository\org\codehaus\groovy\groovy-groovydoc\3.0.5\groovy-groovydoc-3.0.5.jar;C:\Users\sdeep\.m2\repository\com\github\javaparser\javaparser-core\3.16.1\javaparser-core-3.16.1.jar;C:\Users\sdeep\.m2\repository\org\codehaus\groovy\groovy-groovysh\3.0.5\groovy-groovysh-3.0.5.jar;C:\Users\sdeep\.m2\repository\jline\jline\2.14.6\jline-2.14.6.jar;C:\Users\sdeep\.m2\repository\org\codehaus\groovy\groovy-jmx\3.0.5\groovy-jmx-3.0.5.jar;C:\Users\sdeep\.m2\repository\org\codehaus\groovy\groovy-jsr223\3.0.5\groovy-jsr223-3.0.5.jar;C:\Users\sdeep\.m2\repository\org\codehaus\groovy\groovy-macro\3.0.5\groovy-macro-3.0.5.jar;C:\Users\sdeep\.m2\repository\org\codehaus\groovy\groovy-nio\3.0.5\groovy-nio-3.0.5.jar;C:\Users\sdeep\.m2\repository\org\codehaus\groovy\groovy-servlet\3.0.5\groovy-servlet-3.0.5.jar;C:\Users\sdeep\.m2\repository\org\codehaus\groovy\groovy-sql\3.0.5\groovy-sql-3.0.5.jar;C:\Users\sdeep\.m2\repository\org\codehaus\groovy\groovy-swing\3.0.5\groovy-swing-3.0.5.jar;C:\Users\sdeep\.m2\repository\org\codehaus\groovy\groovy-templates\3.0.5\groovy-templates-3.0.5.jar;C:\Users\sdeep\.m2\repository\org\codehaus\groovy\groovy-test\3.0.5\groovy-test-3.0.5.jar;C:\Users\sdeep\.m2\repository\org\codehaus\groovy\groovy-test-junit5\3.0.5\groovy-test-junit5-3.0.5.jar;C:\Users\sdeep\.m2\repository\org\junit\jupiter\junit-jupiter-api\5.6.2\junit-jupiter-api-5.6.2.jar;C:\Users\sdeep\.m2\repository\org\opentest4j\opentest4j\1.2.0\opentest4j-1.2.0.jar;C:\Users\sdeep\.m2\repository\org\junit\platform\junit-platform-launcher\1.6.2\junit-platform-launcher-1.6.2.jar;C:\Users\sdeep\.m2\repository\org\junit\platform\junit-platform-engine\1.6.2\junit-platform-engine-1.6.2.jar;C:\Users\sdeep\.m2\repository\org\junit\platform\junit-platform-commons\1.6.2\junit-platform-commons-1.6.2.jar;C:\Users\sdeep\.m2\repository\org\junit\jupiter\junit-jupiter-engine\5.6.2\junit-jupiter-engine-5.6.2.jar;C:\Users\sdeep\.m2\repository\org\codehaus\groovy\groovy-testng\3.0.5\groovy-testng-3.0.5.jar;"/>
    <property name="java.vm.vendor" value="Oracle Corporation"/>
    <property name="sun.arch.data.model" value="64"/>
    <property name="user.variant" value=""/>
    <property name="java.vendor.url" value="https://java.oracle.com/"/>
    <property name="user.timezone" value="Asia/Calcutta"/>
    <property name="os.name" value="Windows 10"/>
    <property name="java.vm.specification.version" value="12"/>
    <property name="sun.java.launcher" value="SUN_STANDARD"/>
    <property name="user.country" value="US"/>
    <property name="sun.boot.library.path" value="C:\Program Files\Java\jdk-12.0.2\bin"/>
    <property name="sun.java.command" value="C:\Users\sdeep\AppData\Local\Temp\surefire9533815904255567\surefirebooter14514167811719961771.jar C:\Users\sdeep\AppData\Local\Temp\surefire9533815904255567 2020-09-19T13-51-40_910-jvmRun1 surefire6310380504673203035tmp surefire_016432477212277027022tmp"/>
    <property name="jdk.debug" value="release"/>
    <property name="surefire.test.class.path" value="C:\Users\sdeep\eclipse-workspace\RestAutomation\target\test-classes;C:\Users\sdeep\eclipse-workspace\RestAutomation\target\classes;C:\Users\sdeep\.m2\repository\io\cucumber\cucumber-java\6.6.1\cucumber-java-6.6.1.jar;C:\Users\sdeep\.m2\repository\org\apiguardian\apiguardian-api\1.1.0\apiguardian-api-1.1.0.jar;C:\Users\sdeep\.m2\repository\io\cucumber\cucumber-junit\6.6.1\cucumber-junit-6.6.1.jar;C:\Users\sdeep\.m2\repository\junit\junit\4.13\junit-4.13.jar;C:\Users\sdeep\.m2\repository\org\hamcrest\hamcrest-core\1.3\hamcrest-core-1.3.jar;C:\Users\sdeep\.m2\repository\io\cucumber\cucumber-core\6.6.1\cucumber-core-6.6.1.jar;C:\Users\sdeep\.m2\repository\io\cucumber\cucumber-gherkin\6.6.1\cucumber-gherkin-6.6.1.jar;C:\Users\sdeep\.m2\repository\io\cucumber\cucumber-gherkin-messages\6.6.1\cucumber-gherkin-messages-6.6.1.jar;C:\Users\sdeep\.m2\repository\io\cucumber\messages\13.0.1\messages-13.0.1.jar;C:\Users\sdeep\.m2\repository\io\cucumber\tag-expressions\3.0.0\tag-expressions-3.0.0.jar;C:\Users\sdeep\.m2\repository\io\cucumber\cucumber-expressions\10.3.0\cucumber-expressions-10.3.0.jar;C:\Users\sdeep\.m2\repository\io\cucumber\datatable\3.4.0\datatable-3.4.0.jar;C:\Users\sdeep\.m2\repository\io\cucumber\cucumber-plugin\6.6.1\cucumber-plugin-6.6.1.jar;C:\Users\sdeep\.m2\repository\io\cucumber\docstring\6.6.1\docstring-6.6.1.jar;C:\Users\sdeep\.m2\repository\io\cucumber\html-formatter\9.0.0\html-formatter-9.0.0.jar;C:\Users\sdeep\.m2\repository\io\cucumber\create-meta\2.0.2\create-meta-2.0.2.jar;C:\Users\sdeep\.m2\repository\io\cucumber\gherkin\15.0.2\gherkin-15.0.2.jar;C:\Users\sdeep\.m2\repository\io\cucumber\cucumber-testng\6.6.1\cucumber-testng-6.6.1.jar;C:\Users\sdeep\.m2\repository\org\seleniumhq\selenium\selenium-api\3.141.5\selenium-api-3.141.5.jar;C:\Users\sdeep\.m2\repository\org\seleniumhq\selenium\selenium-chrome-driver\3.141.5\selenium-chrome-driver-3.141.5.jar;C:\Users\sdeep\.m2\repository\org\seleniumhq\selenium\selenium-remote-driver\3.141.5\selenium-remote-driver-3.141.5.jar;C:\Users\sdeep\.m2\repository\net\bytebuddy\byte-buddy\1.8.15\byte-buddy-1.8.15.jar;C:\Users\sdeep\.m2\repository\org\apache\commons\commons-exec\1.3\commons-exec-1.3.jar;C:\Users\sdeep\.m2\repository\com\google\guava\guava\25.0-jre\guava-25.0-jre.jar;C:\Users\sdeep\.m2\repository\com\google\code\findbugs\jsr305\1.3.9\jsr305-1.3.9.jar;C:\Users\sdeep\.m2\repository\org\checkerframework\checker-compat-qual\2.0.0\checker-compat-qual-2.0.0.jar;C:\Users\sdeep\.m2\repository\com\google\errorprone\error_prone_annotations\2.1.3\error_prone_annotations-2.1.3.jar;C:\Users\sdeep\.m2\repository\com\google\j2objc\j2objc-annotations\1.1\j2objc-annotations-1.1.jar;C:\Users\sdeep\.m2\repository\org\codehaus\mojo\animal-sniffer-annotations\1.14\animal-sniffer-annotations-1.14.jar;C:\Users\sdeep\.m2\repository\com\squareup\okhttp3\okhttp\3.11.0\okhttp-3.11.0.jar;C:\Users\sdeep\.m2\repository\com\squareup\okio\okio\1.14.0\okio-1.14.0.jar;C:\Users\sdeep\.m2\repository\com\fasterxml\jackson\core\jackson-databind\2.11.0\jackson-databind-2.11.0.jar;C:\Users\sdeep\.m2\repository\com\fasterxml\jackson\core\jackson-core\2.11.0\jackson-core-2.11.0.jar;C:\Users\sdeep\.m2\repository\com\fasterxml\jackson\core\jackson-annotations\2.11.0\jackson-annotations-2.11.0.jar;C:\Users\sdeep\.m2\repository\com\google\code\gson\gson\2.8.6\gson-2.8.6.jar;C:\Users\sdeep\.m2\repository\org\testng\testng\7.1.0\testng-7.1.0.jar;C:\Users\sdeep\.m2\repository\com\beust\jcommander\1.72\jcommander-1.72.jar;C:\Users\sdeep\.m2\repository\com\google\inject\guice\4.1.0\guice-4.1.0-no_aop.jar;C:\Users\sdeep\.m2\repository\javax\inject\javax.inject\1\javax.inject-1.jar;C:\Users\sdeep\.m2\repository\aopalliance\aopalliance\1.0\aopalliance-1.0.jar;C:\Users\sdeep\.m2\repository\org\yaml\snakeyaml\1.21\snakeyaml-1.21.jar;C:\Users\sdeep\.m2\repository\org\apache\maven\plugins\maven-war-plugin\3.3.1\maven-war-plugin-3.3.1.jar;C:\Users\sdeep\.m2\repository\org\apache\maven\maven-plugin-api\3.0\maven-plugin-api-3.0.jar;C:\Users\sdeep\.m2\repository\org\apache\maven\maven-model\3.0\maven-model-3.0.jar;C:\Users\sdeep\.m2\repository\org\apache\maven\maven-artifact\3.0\maven-artifact-3.0.jar;C:\Users\sdeep\.m2\repository\org\sonatype\sisu\sisu-inject-plexus\1.4.2\sisu-inject-plexus-1.4.2.jar;C:\Users\sdeep\.m2\repository\org\sonatype\sisu\sisu-inject-bean\1.4.2\sisu-inject-bean-1.4.2.jar;C:\Users\sdeep\.m2\repository\org\sonatype\sisu\sisu-guice\2.1.7\sisu-guice-2.1.7-noaop.jar;C:\Users\sdeep\.m2\repository\org\apache\maven\maven-core\3.0\maven-core-3.0.jar;C:\Users\sdeep\.m2\repository\org\apache\maven\maven-settings\3.0\maven-settings-3.0.jar;C:\Users\sdeep\.m2\repository\org\apache\maven\maven-settings-builder\3.0\maven-settings-builder-3.0.jar;C:\Users\sdeep\.m2\repository\org\apache\maven\maven-repository-metadata\3.0\maven-repository-metadata-3.0.jar;C:\Users\sdeep\.m2\repository\org\apache\maven\maven-model-builder\3.0\maven-model-builder-3.0.jar;C:\Users\sdeep\.m2\repository\org\apache\maven\maven-aether-provider\3.0\maven-aether-provider-3.0.jar;C:\Users\sdeep\.m2\repository\org\sonatype\aether\aether-impl\1.7\aether-impl-1.7.jar;C:\Users\sdeep\.m2\repository\org\sonatype\aether\aether-spi\1.7\aether-spi-1.7.jar;C:\Users\sdeep\.m2\repository\org\sonatype\aether\aether-api\1.7\aether-api-1.7.jar;C:\Users\sdeep\.m2\repository\org\sonatype\aether\aether-util\1.7\aether-util-1.7.jar;C:\Users\sdeep\.m2\repository\org\codehaus\plexus\plexus-classworlds\2.2.3\plexus-classworlds-2.2.3.jar;C:\Users\sdeep\.m2\repository\org\codehaus\plexus\plexus-component-annotations\1.5.5\plexus-component-annotations-1.5.5.jar;C:\Users\sdeep\.m2\repository\org\sonatype\plexus\plexus-sec-dispatcher\1.3\plexus-sec-dispatcher-1.3.jar;C:\Users\sdeep\.m2\repository\org\sonatype\plexus\plexus-cipher\1.4\plexus-cipher-1.4.jar;C:\Users\sdeep\.m2\repository\org\apache\maven\maven-archiver\3.5.0\maven-archiver-3.5.0.jar;C:\Users\sdeep\.m2\repository\org\apache\maven\shared\maven-shared-utils\3.2.1\maven-shared-utils-3.2.1.jar;C:\Users\sdeep\.m2\repository\commons-io\commons-io\2.6\commons-io-2.6.jar;C:\Users\sdeep\.m2\repository\org\codehaus\plexus\plexus-archiver\4.2.2\plexus-archiver-4.2.2.jar;C:\Users\sdeep\.m2\repository\org\codehaus\plexus\plexus-io\3.2.0\plexus-io-3.2.0.jar;C:\Users\sdeep\.m2\repository\org\apache\commons\commons-compress\1.20\commons-compress-1.20.jar;C:\Users\sdeep\.m2\repository\org\iq80\snappy\snappy\0.4\snappy-0.4.jar;C:\Users\sdeep\.m2\repository\org\tukaani\xz\1.8\xz-1.8.jar;C:\Users\sdeep\.m2\repository\org\codehaus\plexus\plexus-interpolation\1.26\plexus-interpolation-1.26.jar;C:\Users\sdeep\.m2\repository\org\codehaus\plexus\plexus-utils\3.3.0\plexus-utils-3.3.0.jar;C:\Users\sdeep\.m2\repository\org\apache\maven\shared\maven-filtering\3.1.1\maven-filtering-3.1.1.jar;C:\Users\sdeep\.m2\repository\org\sonatype\plexus\plexus-build-api\0.0.7\plexus-build-api-0.0.7.jar;C:\Users\sdeep\.m2\repository\org\apache\maven\shared\maven-mapping\3.0.0\maven-mapping-3.0.0.jar;C:\Users\sdeep\.m2\repository\io\rest-assured\rest-assured\4.3.1\rest-assured-4.3.1.jar;C:\Users\sdeep\.m2\repository\org\codehaus\groovy\groovy\3.0.3\groovy-3.0.3.jar;C:\Users\sdeep\.m2\repository\org\codehaus\groovy\groovy-xml\3.0.3\groovy-xml-3.0.3.jar;C:\Users\sdeep\.m2\repository\org\apache\httpcomponents\httpclient\4.5.3\httpclient-4.5.3.jar;C:\Users\sdeep\.m2\repository\org\apache\httpcomponents\httpcore\4.4.6\httpcore-4.4.6.jar;C:\Users\sdeep\.m2\repository\commons-logging\commons-logging\1.2\commons-logging-1.2.jar;C:\Users\sdeep\.m2\repository\commons-codec\commons-codec\1.9\commons-codec-1.9.jar;C:\Users\sdeep\.m2\repository\org\apache\httpcomponents\httpmime\4.5.3\httpmime-4.5.3.jar;C:\Users\sdeep\.m2\repository\org\hamcrest\hamcrest\2.1\hamcrest-2.1.jar;C:\Users\sdeep\.m2\repository\org\ccil\cowan\tagsoup\tagsoup\1.2.1\tagsoup-1.2.1.jar;C:\Users\sdeep\.m2\repository\io\rest-assured\xml-path\4.3.1\xml-path-4.3.1.jar;C:\Users\sdeep\.m2\repository\io\rest-assured\json-path\4.3.1\json-path-4.3.1.jar;C:\Users\sdeep\.m2\repository\org\codehaus\groovy\groovy-json\3.0.3\groovy-json-3.0.3.jar;C:\Users\sdeep\.m2\repository\io\rest-assured\json-schema-validator\4.3.1\json-schema-validator-4.3.1.jar;C:\Users\sdeep\.m2\repository\com\github\java-json-tools\json-schema-validator\2.2.10\json-schema-validator-2.2.10.jar;C:\Users\sdeep\.m2\repository\com\github\java-json-tools\json-schema-core\1.2.10\json-schema-core-1.2.10.jar;C:\Users\sdeep\.m2\repository\com\github\java-json-tools\jackson-coreutils\1.9\jackson-coreutils-1.9.jar;C:\Users\sdeep\.m2\repository\com\github\fge\msg-simple\1.1\msg-simple-1.1.jar;C:\Users\sdeep\.m2\repository\com\github\fge\btf\1.2\btf-1.2.jar;C:\Users\sdeep\.m2\repository\com\github\fge\uri-template\0.9\uri-template-0.9.jar;C:\Users\sdeep\.m2\repository\org\mozilla\rhino\1.7.7.1\rhino-1.7.7.1.jar;C:\Users\sdeep\.m2\repository\javax\mail\mailapi\1.4.3\mailapi-1.4.3.jar;C:\Users\sdeep\.m2\repository\javax\activation\activation\1.1\activation-1.1.jar;C:\Users\sdeep\.m2\repository\joda-time\joda-time\2.9.7\joda-time-2.9.7.jar;C:\Users\sdeep\.m2\repository\com\googlecode\libphonenumber\libphonenumber\8.0.0\libphonenumber-8.0.0.jar;C:\Users\sdeep\.m2\repository\net\sf\jopt-simple\jopt-simple\5.0.3\jopt-simple-5.0.3.jar;C:\Users\sdeep\.m2\repository\io\rest-assured\rest-assured-common\4.3.1\rest-assured-common-4.3.1.jar;C:\Users\sdeep\.m2\repository\org\apache\commons\commons-lang3\3.4\commons-lang3-3.4.jar;C:\Users\sdeep\.m2\repository\io\rest-assured\rest-assured-all\4.3.1\rest-assured-all-4.3.1.jar;C:\Users\sdeep\.m2\repository\jakarta\xml\bind\jakarta.xml.bind-api\2.3.3\jakarta.xml.bind-api-2.3.3.jar;C:\Users\sdeep\.m2\repository\jakarta\activation\jakarta.activation-api\1.2.2\jakarta.activation-api-1.2.2.jar;C:\Users\sdeep\.m2\repository\com\sun\xml\bind\jaxb-impl\2.3.3\jaxb-impl-2.3.3.jar;C:\Users\sdeep\.m2\repository\org\codehaus\groovy\groovy-ant\3.0.5\groovy-ant-3.0.5.jar;C:\Users\sdeep\.m2\repository\org\apache\ant\ant\1.10.8\ant-1.10.8.jar;C:\Users\sdeep\.m2\repository\org\apache\ant\ant-junit\1.10.8\ant-junit-1.10.8.jar;C:\Users\sdeep\.m2\repository\org\apache\ant\ant-launcher\1.10.8\ant-launcher-1.10.8.jar;C:\Users\sdeep\.m2\repository\org\apache\ant\ant-antlr\1.10.8\ant-antlr-1.10.8.jar;C:\Users\sdeep\.m2\repository\org\codehaus\groovy\groovy-astbuilder\3.0.5\groovy-astbuilder-3.0.5.jar;C:\Users\sdeep\.m2\repository\org\codehaus\groovy\groovy-cli-picocli\3.0.5\groovy-cli-picocli-3.0.5.jar;C:\Users\sdeep\.m2\repository\info\picocli\picocli\4.4.0\picocli-4.4.0.jar;C:\Users\sdeep\.m2\repository\org\codehaus\groovy\groovy-console\3.0.5\groovy-console-3.0.5.jar;C:\Users\sdeep\.m2\repository\org\codehaus\groovy\groovy-datetime\3.0.5\groovy-datetime-3.0.5.jar;C:\Users\sdeep\.m2\repository\org\codehaus\groovy\groovy-docgenerator\3.0.5\groovy-docgenerator-3.0.5.jar;C:\Users\sdeep\.m2\repository\com\thoughtworks\qdox\qdox\1.12.1\qdox-1.12.1.jar;C:\Users\sdeep\.m2\repository\org\codehaus\groovy\groovy-groovydoc\3.0.5\groovy-groovydoc-3.0.5.jar;C:\Users\sdeep\.m2\repository\com\github\javaparser\javaparser-core\3.16.1\javaparser-core-3.16.1.jar;C:\Users\sdeep\.m2\repository\org\codehaus\groovy\groovy-groovysh\3.0.5\groovy-groovysh-3.0.5.jar;C:\Users\sdeep\.m2\repository\jline\jline\2.14.6\jline-2.14.6.jar;C:\Users\sdeep\.m2\repository\org\codehaus\groovy\groovy-jmx\3.0.5\groovy-jmx-3.0.5.jar;C:\Users\sdeep\.m2\repository\org\codehaus\groovy\groovy-jsr223\3.0.5\groovy-jsr223-3.0.5.jar;C:\Users\sdeep\.m2\repository\org\codehaus\groovy\groovy-macro\3.0.5\groovy-macro-3.0.5.jar;C:\Users\sdeep\.m2\repository\org\codehaus\groovy\groovy-nio\3.0.5\groovy-nio-3.0.5.jar;C:\Users\sdeep\.m2\repository\org\codehaus\groovy\groovy-servlet\3.0.5\groovy-servlet-3.0.5.jar;C:\Users\sdeep\.m2\repository\org\codehaus\groovy\groovy-sql\3.0.5\groovy-sql-3.0.5.jar;C:\Users\sdeep\.m2\repository\org\codehaus\groovy\groovy-swing\3.0.5\groovy-swing-3.0.5.jar;C:\Users\sdeep\.m2\repository\org\codehaus\groovy\groovy-templates\3.0.5\groovy-templates-3.0.5.jar;C:\Users\sdeep\.m2\repository\org\codehaus\groovy\groovy-test\3.0.5\groovy-test-3.0.5.jar;C:\Users\sdeep\.m2\repository\org\codehaus\groovy\groovy-test-junit5\3.0.5\groovy-test-junit5-3.0.5.jar;C:\Users\sdeep\.m2\repository\org\junit\jupiter\junit-jupiter-api\5.6.2\junit-jupiter-api-5.6.2.jar;C:\Users\sdeep\.m2\repository\org\opentest4j\opentest4j\1.2.0\opentest4j-1.2.0.jar;C:\Users\sdeep\.m2\repository\org\junit\platform\junit-platform-launcher\1.6.2\junit-platform-launcher-1.6.2.jar;C:\Users\sdeep\.m2\repository\org\junit\platform\junit-platform-engine\1.6.2\junit-platform-engine-1.6.2.jar;C:\Users\sdeep\.m2\repository\org\junit\platform\junit-platform-commons\1.6.2\junit-platform-commons-1.6.2.jar;C:\Users\sdeep\.m2\repository\org\junit\jupiter\junit-jupiter-engine\5.6.2\junit-jupiter-engine-5.6.2.jar;C:\Users\sdeep\.m2\repository\org\codehaus\groovy\groovy-testng\3.0.5\groovy-testng-3.0.5.jar;"/>
    <property name="sun.cpu.endian" value="little"/>
    <property name="user.home" value="C:\Users\sdeep"/>
    <property name="user.language" value="en"/>
    <property name="java.specification.vendor" value="Oracle Corporation"/>
    <property name="java.version.date" value="2019-07-16"/>
    <property name="java.home" value="C:\Program Files\Java\jdk-12.0.2"/>
    <property name="file.separator" value="\"/>
    <property name="basedir" value="C:\Users\sdeep\eclipse-workspace\RestAutomation"/>
    <property name="java.vm.compressedOopsMode" value="32-bit"/>
    <property name="line.separator" value="&#10;"/>
    <property name="java.vm.specification.vendor" value="Oracle Corporation"/>
    <property name="java.specification.name" value="Java Platform API Specification"/>
    <property name="java.awt.graphicsenv" value="sun.awt.Win32GraphicsEnvironment"/>
    <property name="surefire.real.class.path" value="C:\Users\sdeep\AppData\Local\Temp\surefire9533815904255567\surefirebooter14514167811719961771.jar"/>
    <property name="user.script" value=""/>
    <property name="sun.management.compiler" value="HotSpot 64-Bit Tiered Compilers"/>
    <property name="java.runtime.version" value="12.0.2+10"/>
    <property name="user.name" value="sdeep"/>
    <property name="path.separator" value=";"/>
    <property name="os.version" value="10.0"/>
    <property name="java.runtime.name" value="Java(TM) SE Runtime Environment"/>
    <property name="file.encoding" value="Cp1252"/>
    <property name="java.vm.name" value="Java HotSpot(TM) 64-Bit Server VM"/>
    <property name="localRepository" value="C:\Users\sdeep\.m2\repository"/>
    <property name="cucumber.options" value="--tag@Regression"/>
    <property name="java.vendor.url.bug" value="https://bugreport.java.com/bugreport/"/>
    <property name="java.io.tmpdir" value="C:\Users\sdeep\AppData\Local\Temp\"/>
    <property name="java.version" value="12.0.2"/>
    <property name="user.dir" value="C:\Users\sdeep\eclipse-workspace\RestAutomation"/>
    <property name="os.arch" value="amd64"/>
    <property name="java.vm.specification.name" value="Java Virtual Machine Specification"/>
    <property name="sun.os.patch.level" value=""/>
    <property name="java.library.path" value="C:\Program Files\Java\jdk-12.0.2\bin;C:\WINDOWS\Sun\Java\bin;C:\WINDOWS\system32;C:\WINDOWS;C:\Program Files\Java\jdk-12.0.2\bin;C:\Program Files (x86)\Intel\Intel(R) Management Engine Components\iCLS\;C:\Program Files\Intel\Intel(R) Management Engine Components\iCLS\;C:\WINDOWS\system32;C:\WINDOWS;C:\WINDOWS\System32\Wbem;C:\WINDOWS\System32\WindowsPowerShell\v1.0\;C:\WINDOWS\System32\OpenSSH\;C:\Program Files (x86)\Intel\Intel(R) Management Engine Components\DAL;C:\Program Files\Intel\Intel(R) Management Engine Components\DAL;C:\Program Files (x86)\Intel\Intel(R) Management Engine Components\IPT;C:\Program Files\Intel\Intel(R) Management Engine Components\IPT;C:\Program Files (x86)\Common Files\Oracle\Java\javapath;D:\RestAssuredAPINotes\apache-maven-3.6.3\bin;C:\Program Files\Java\jdk-12.0.2\bin;C:\Users\sdeep\AppData\Local\Programs\Microsoft VS Code\bin;D:\RestAssuredAPINotes\apache-maven-3.6.3\bin;;."/>
    <property name="java.vm.info" value="mixed mode, sharing"/>
    <property name="java.vendor" value="Oracle Corporation"/>
    <property name="java.vm.version" value="12.0.2+10"/>
    <property name="sun.io.unicode.encoding" value="UnicodeLittle"/>
    <property name="java.class.version" value="56.0"/>
  </properties>
</testsuite>