<?xml version="1.0" encoding="UTF-8"?>
<!-- Generated by org.testng.reporters.JUnitReportReporter -->
<testsuite hostname="LAPTOP-6GEB75T3" failures="0" tests="1" name="Test.OAuth_2" time="5.648" errors="0" timestamp="2020-09-09T18:07:43 IST" skipped="0">
  <testcase classname="Test.OAuth_2" name="getcourses" time="5.648"/>
  <system-out/>
</testsuite> <!-- Test.OAuth_2 -->
