<?xml version="1.0" encoding="UTF-8"?>
<!-- Generated by org.testng.reporters.JUnitReportReporter -->
<testsuite hostname="LAPTOP-6GEB75T3" failures="0" tests="1" name="Test.AddPlace" time="8.050" errors="0" timestamp="2020-09-05T16:26:58 IST" skipped="0">
  <testcase classname="Test.AddPlace" name="addplace" time="8.050"/>
  <system-out/>
</testsuite> <!-- Test.AddPlace -->
