<?xml version="1.0" encoding="UTF-8"?>
<!-- Generated by org.testng.reporters.JUnitReportReporter -->
<testsuite hostname="LAPTOP-6GEB75T3" failures="0" tests="1" name="Test.SerialisationandDeserialisation" time="5.129" errors="0" timestamp="2020-09-09T18:48:53 IST" skipped="0">
  <testcase classname="Test.SerialisationandDeserialisation" name="getcourses" time="5.129"/>
  <system-out/>
</testsuite> <!-- Test.SerialisationandDeserialisation -->
