<?xml version="1.0" encoding="UTF-8"?>
<!-- Generated by org.testng.reporters.JUnitReportReporter -->
<testsuite hostname="LAPTOP-6GEB75T3" failures="0" tests="3" name="Test.AddLibrary" time="3.579" errors="0" timestamp="2020-09-07T17:35:43 IST" skipped="0">
  <testcase classname="Test.AddLibrary" name="addbook" time="3.227"/>
  <system-out/>
  <testcase classname="Test.AddLibrary" name="addbook" time="0.172"/>
  <system-out/>
  <testcase classname="Test.AddLibrary" name="addbook" time="0.180"/>
  <system-out/>
</testsuite> <!-- Test.AddLibrary -->
