<?xml version="1.0" encoding="UTF-8"?>
<!-- Generated by org.testng.reporters.JUnitReportReporter -->
<testsuite hostname="LAPTOP-6GEB75T3" failures="0" tests="1" name="Test.CourseTitles" time="2.397" errors="0" timestamp="2020-09-07T12:32:46 IST" skipped="0">
  <testcase classname="Test.CourseTitles" name="courseDetails" time="2.397"/>
  <system-out/>
</testsuite> <!-- Test.CourseTitles -->
