<?xml version="1.0" encoding="UTF-8"?>
<!-- Generated by org.testng.reporters.JUnitReportReporter -->
<testsuite hostname="LAPTOP-6GEB75T3" failures="0" tests="1" name="Test.StaticJsonFromFile" time="2.391" errors="0" timestamp="2020-09-07T18:08:40 IST" skipped="0">
  <testcase classname="Test.StaticJsonFromFile" name="addBook" time="2.391"/>
  <system-out/>
</testsuite> <!-- Test.StaticJsonFromFile -->
